2025-08-21 10:47:42,343 [INFO] Activator:176 - 


2025-08-21 10:47:42,354 [INFO] Activator:177 - !SESSION log4j initialized
2025-08-21 10:47:52,412 [ERROR] LogOutputStream:75 - [STDERR_REDIRECT] sie 21, 2025 10:47:52 AM org.apache.lucene.internal.vectorization.VectorizationProvider lookup
2025-08-21 10:47:52,412 [ERROR] LogOutputStream:75 - [STDERR_REDIRECT] WARNING: Java vector incubator module is not readable. For optimal vector performance, pass '--add-modules jdk.incubator.vector' to enable Vector API.
2025-08-21 10:47:52,412 [ERROR] LogOutputStream:75 - [STDERR_REDIRECT] 
2025-08-21 10:47:55,356 [INFO] LogOutputStream:77 - [STDOUT_REDIRECT] 
2025-08-21 10:47:59,526 [INFO] ApplicationProperties:184 - Using Application install path: C:\ST\STM32CubeIDE_1.19.0\STM32CubeIDE\plugins\com.st.stm32cube.common.mx_6.15.0.202507011659
2025-08-21 10:47:59,572 [INFO] DbMcusXml:78 - Set database path to: C:\ST\STM32CubeIDE_1.19.0\STM32CubeIDE\plugins\com.st.stm32cube.common.mx_6.15.0.202507011659\\db\/mcu/
2025-08-21 10:47:59,573 [INFO] ApiDb:274 - Set plugin database path to: C:\ST\STM32CubeIDE_1.19.0\STM32CubeIDE\plugins\com.st.stm32cube.common.mx_6.15.0.202507011659\\db\/plugins/boardmanager/
2025-08-21 10:47:59,574 [WARN] ApiDb:259 - Overriding images path with different value:  => C:\ST\STM32CubeIDE_1.19.0\STM32CubeIDE\plugins\com.st.stm32cube.common.mx_6.15.0.202507011659\\db\/plugins/mcufinder/images/
2025-08-21 10:47:59,593 [INFO] ApiDb:250 - Set database path to: C:\Users\olabe.DESKTOP-R0GGDE7\.stmcufinder\plugins\mcufinder//mcu/
2025-08-21 10:47:59,598 [INFO] DbMcusAds:125 - Set database path to: C:\Users\olabe.DESKTOP-R0GGDE7\.stmcufinder\plugins\mcufinder//mcu/
2025-08-21 10:47:59,604 [INFO] CrossReferenceDbSqlite:203 - Set database path to: C:\Users\olabe.DESKTOP-R0GGDE7\.stmcufinder\plugins\mcufinder//mcu/cs/
2025-08-21 10:47:59,958 [INFO] RulesReader:64 - Compatibility file has been processed (317 Rules)
2025-08-21 10:48:00,173 [INFO] DbMcusXml:78 - Set database path to: C:\ST\STM32CubeIDE_1.19.0\STM32CubeIDE\plugins\com.st.stm32cube.common.mx_6.15.0.202507011659\\db\/mcu/
2025-08-21 10:48:00,174 [INFO] ApiDb:274 - Set plugin database path to: C:\ST\STM32CubeIDE_1.19.0\STM32CubeIDE\plugins\com.st.stm32cube.common.mx_6.15.0.202507011659\\db\/plugins/boardmanager/
2025-08-21 10:48:00,174 [INFO] ApiDb:261 - Set plugin images path to: C:\ST\STM32CubeIDE_1.19.0\STM32CubeIDE\plugins\com.st.stm32cube.common.mx_6.15.0.202507011659\\db\/plugins/mcufinder/images/
2025-08-21 10:48:00,175 [WARN] DbFile:41 - Overriding database path with different value: C:\Users\olabe.DESKTOP-R0GGDE7\.stmcufinder\plugins\mcufinder/ => C:\Users\olabe.DESKTOP-R0GGDE7\.stmcufinder\plugins\mcufinder
2025-08-21 10:48:00,175 [INFO] ApiDb:250 - Set database path to: C:\Users\olabe.DESKTOP-R0GGDE7\.stmcufinder\plugins\mcufinder//mcu/
2025-08-21 10:48:00,175 [WARN] DbFile:41 - Overriding database path with different value: C:\Users\olabe.DESKTOP-R0GGDE7\.stmcufinder\plugins\mcufinder/ => C:\Users\olabe.DESKTOP-R0GGDE7\.stmcufinder\plugins\mcufinder
2025-08-21 10:48:00,176 [INFO] DbMcusAds:125 - Set database path to: C:\Users\olabe.DESKTOP-R0GGDE7\.stmcufinder\plugins\mcufinder//mcu/
2025-08-21 10:48:00,176 [WARN] DbFile:41 - Overriding database path with different value: C:\Users\olabe.DESKTOP-R0GGDE7\.stmcufinder\plugins\mcufinder/ => C:\Users\olabe.DESKTOP-R0GGDE7\.stmcufinder\plugins\mcufinder
2025-08-21 10:48:00,176 [WARN] DbFile:41 - Overriding database path with different value: C:\Users\olabe.DESKTOP-R0GGDE7\.stmcufinder\plugins\mcufinder/ => C:\Users\olabe.DESKTOP-R0GGDE7\.stmcufinder\plugins\mcufinder
2025-08-21 10:48:00,177 [INFO] CrossReferenceDbSqlite:203 - Set database path to: C:\Users\olabe.DESKTOP-R0GGDE7\.stmcufinder\plugins\mcufinder//mcu/cs/
2025-08-21 10:48:00,391 [INFO] MainPanel:274 - HeapMemory: 268435456
2025-08-21 10:48:00,644 [INFO] DbMcusXml:78 - Set database path to: C:\ST\STM32CubeIDE_1.19.0\STM32CubeIDE\plugins\com.st.stm32cube.common.mx_6.15.0.202507011659\\db\/mcu/
2025-08-21 10:48:00,644 [INFO] ApiDb:274 - Set plugin database path to: C:\ST\STM32CubeIDE_1.19.0\STM32CubeIDE\plugins\com.st.stm32cube.common.mx_6.15.0.202507011659\\db\/plugins/boardmanager/
2025-08-21 10:48:00,644 [INFO] ApiDb:261 - Set plugin images path to: C:\ST\STM32CubeIDE_1.19.0\STM32CubeIDE\plugins\com.st.stm32cube.common.mx_6.15.0.202507011659\\db\/plugins/mcufinder/images/
2025-08-21 10:48:00,660 [WARN] DbFile:41 - Overriding database path with different value: C:\Users\olabe.DESKTOP-R0GGDE7\.stmcufinder\plugins\mcufinder/ => C:\Users\olabe.DESKTOP-R0GGDE7\.stmcufinder\plugins\mcufinder
2025-08-21 10:48:00,660 [INFO] ApiDb:250 - Set database path to: C:\Users\olabe.DESKTOP-R0GGDE7\.stmcufinder\plugins\mcufinder//mcu/
2025-08-21 10:48:00,660 [WARN] DbFile:41 - Overriding database path with different value: C:\Users\olabe.DESKTOP-R0GGDE7\.stmcufinder\plugins\mcufinder/ => C:\Users\olabe.DESKTOP-R0GGDE7\.stmcufinder\plugins\mcufinder
2025-08-21 10:48:00,660 [INFO] DbMcusAds:125 - Set database path to: C:\Users\olabe.DESKTOP-R0GGDE7\.stmcufinder\plugins\mcufinder//mcu/
2025-08-21 10:48:00,660 [WARN] DbFile:41 - Overriding database path with different value: C:\Users\olabe.DESKTOP-R0GGDE7\.stmcufinder\plugins\mcufinder/ => C:\Users\olabe.DESKTOP-R0GGDE7\.stmcufinder\plugins\mcufinder
2025-08-21 10:48:00,660 [WARN] DbFile:41 - Overriding database path with different value: C:\Users\olabe.DESKTOP-R0GGDE7\.stmcufinder\plugins\mcufinder/ => C:\Users\olabe.DESKTOP-R0GGDE7\.stmcufinder\plugins\mcufinder
2025-08-21 10:48:00,660 [INFO] CrossReferenceDbSqlite:203 - Set database path to: C:\Users\olabe.DESKTOP-R0GGDE7\.stmcufinder\plugins\mcufinder//mcu/cs/
2025-08-21 10:48:00,706 [INFO] ApplicationProperties:184 - Using Application install path: C:\ST\STM32CubeIDE_1.19.0\STM32CubeIDE\plugins\com.st.stm32cube.common.mx_6.15.0.202507011659
2025-08-21 10:48:00,706 [INFO] PluginManage:196 - Search for loadable plugins [exclusion list=, ]
2025-08-21 10:48:00,706 [INFO] PluginManage:310 - Check plugin analytics
2025-08-21 10:48:01,267 [INFO] AnalyticsPlugin:253 - Accepted Software Licenses: 
2025-08-21 10:48:01,268 [INFO] AnalyticsPlugin:255 - Accepted CMSIS Pack Licenses: 
2025-08-21 10:48:01,268 [INFO] AnalyticsPlugin:257 - Accepted Firmware Licenses: 
2025-08-21 10:48:01,274 [INFO] PluginManage:359 - Loaded plugin analytics (category:tool,tabindex:-1)
2025-08-21 10:48:01,275 [INFO] PluginManage:310 - Check plugin cadmodel
2025-08-21 10:48:01,314 [INFO] CADModel:105 - Init CAD model plugin
2025-08-21 10:48:01,314 [INFO] PluginManage:359 - Loaded plugin cadmodel (category:power,tabindex:5)
2025-08-21 10:48:01,315 [INFO] PluginManage:310 - Check plugin clock
2025-08-21 10:48:01,369 [INFO] PluginManage:359 - Loaded plugin clock (category:base,tabindex:2)
2025-08-21 10:48:01,369 [INFO] PluginManage:310 - Check plugin ddr
2025-08-21 10:48:01,374 [INFO] PluginManage:359 - Loaded plugin ddr (category:tool,tabindex:6)
2025-08-21 10:48:01,375 [INFO] PluginManage:310 - Check plugin filemanager
2025-08-21 10:48:01,738 [INFO] PluginManage:359 - Loaded plugin filemanager (category:base,tabindex:10)
2025-08-21 10:48:01,739 [INFO] PluginManage:310 - Check plugin ipmanager
2025-08-21 10:48:01,756 [INFO] PluginManage:359 - Loaded plugin ipmanager (category:base,tabindex:5)
2025-08-21 10:48:01,757 [INFO] PluginManage:310 - Check plugin lpbam
2025-08-21 10:48:01,799 [INFO] PluginManage:359 - Loaded plugin lpbam (category:base,tabindex:0)
2025-08-21 10:48:01,799 [INFO] PluginManage:310 - Check plugin memorymap
2025-08-21 10:48:01,851 [INFO] PluginManage:359 - Loaded plugin memorymap (category:base,tabindex:4)
2025-08-21 10:48:01,852 [INFO] PluginManage:310 - Check plugin pinoutandconfiguration
2025-08-21 10:48:01,898 [INFO] PluginManage:359 - Loaded plugin pinoutandconfiguration (category:base,tabindex:1)
2025-08-21 10:48:01,898 [INFO] PluginManage:310 - Check plugin pinoutconfig
2025-08-21 10:48:02,158 [WARN] SupportedApi:132 - Cannot load RTOS API schema: s4s-elt-must-match.1: The content of 'definitions' must match (annotation?, (simpleType | complexType)?, (unique | key | keyref)*)). A problem was found starting at: attribute.
2025-08-21 10:48:02,567 [INFO] PluginManage:359 - Loaded plugin pinoutconfig (category:base,tabindex:0)
2025-08-21 10:48:02,568 [INFO] PluginManage:310 - Check plugin power
2025-08-21 10:48:02,638 [INFO] PluginManage:359 - Loaded plugin power (category:power,tabindex:4)
2025-08-21 10:48:02,639 [INFO] PluginManage:310 - Check plugin projectmanager
2025-08-21 10:48:02,729 [INFO] PluginManage:359 - Loaded plugin projectmanager (category:projectmanager,tabindex:4)
2025-08-21 10:48:02,730 [INFO] PluginManage:310 - Check plugin rif
2025-08-21 10:48:02,797 [INFO] PluginManage:359 - Loaded plugin rif (category:base,tabindex:3)
2025-08-21 10:48:02,798 [INFO] PluginManage:310 - Check plugin thirdparty
2025-08-21 10:48:03,601 [INFO] PluginManage:359 - Loaded plugin thirdparty (category:base,tabindex:-1)
2025-08-21 10:48:03,602 [INFO] PluginManage:310 - Check plugin tools
2025-08-21 10:48:03,601 [WARN] IntegrityCheckThread:84 - waiting for thirdparty lock release [integrity check]
2025-08-21 10:48:03,602 [INFO] IntegrityCheckThread:86 - entering critical section [integrity check]
2025-08-21 10:48:03,603 [INFO] ThirdPartyUpdaterWithRetryManager:70 - Updater plugin not ready yet. [1/15]
2025-08-21 10:48:03,728 [INFO] PluginManage:359 - Loaded plugin tools (category:base,tabindex:7)
2025-08-21 10:48:03,729 [INFO] PluginManage:310 - Check plugin tutovideos
2025-08-21 10:48:04,342 [INFO] PluginManage:359 - Loaded plugin tutovideos (category:base,tabindex:-1)
2025-08-21 10:48:04,343 [INFO] PluginManage:310 - Check plugin updater
2025-08-21 10:48:04,398 [INFO] PluginManage:359 - Loaded plugin updater (category:base,tabindex:12)
2025-08-21 10:48:04,398 [INFO] PluginManage:310 - Check plugin userauth
2025-08-21 10:48:04,410 [INFO] UserAuth:118 - Init User Auth plugin
2025-08-21 10:48:04,412 [INFO] PluginManage:359 - Loaded plugin userauth (category:base,tabindex:14)
2025-08-21 10:48:04,414 [INFO] PluginManage:283 - PluginManage : Loaded plugins [18]
2025-08-21 10:48:04,943 [INFO] PinOutPanel:1589 - setPackage(No Configuration,No Configuration)
2025-08-21 10:48:05,181 [INFO] CADModel:165 - CPN selected for project level
2025-08-21 10:48:05,181 [INFO] CADModel:114 - Register for checkConnection events
2025-08-21 10:48:05,246 [INFO] IPUIPlugin:80 - create IPUIPlugin
2025-08-21 10:48:05,247 [INFO] PluginManager:220 - loadIPPluginJar : add adc
2025-08-21 10:48:05,359 [INFO] IPUIPlugin:80 - create IPUIPlugin
2025-08-21 10:48:05,359 [INFO] PluginManager:220 - loadIPPluginJar : add aes
2025-08-21 10:48:05,496 [INFO] IPUIPlugin:80 - create IPUIPlugin
2025-08-21 10:48:05,497 [INFO] PluginManager:220 - loadIPPluginJar : add can
2025-08-21 10:48:05,581 [INFO] IPUIPlugin:80 - create IPUIPlugin
2025-08-21 10:48:05,582 [INFO] PluginManager:220 - loadIPPluginJar : add comp
2025-08-21 10:48:05,696 [INFO] IPUIPlugin:80 - create IPUIPlugin
2025-08-21 10:48:05,696 [INFO] PluginManager:220 - loadIPPluginJar : add cryp
2025-08-21 10:48:05,734 [INFO] IPUIPlugin:80 - create IPUIPlugin
2025-08-21 10:48:05,734 [INFO] PluginManager:220 - loadIPPluginJar : add ddr_ctrl_phy
2025-08-21 10:48:05,841 [INFO] IPUIPlugin:80 - create IPUIPlugin
2025-08-21 10:48:05,841 [INFO] PluginManager:220 - loadIPPluginJar : add dfsdm
2025-08-21 10:48:05,888 [INFO] IPUIPlugin:80 - create IPUIPlugin
2025-08-21 10:48:05,890 [INFO] PluginManager:220 - loadIPPluginJar : add dma
2025-08-21 10:48:06,045 [INFO] IPUIPlugin:80 - create IPUIPlugin
2025-08-21 10:48:06,046 [INFO] PluginManager:220 - loadIPPluginJar : add dma3
2025-08-21 10:48:06,220 [INFO] IPUIPlugin:80 - create IPUIPlugin
2025-08-21 10:48:06,221 [INFO] PluginManager:220 - loadIPPluginJar : add extmemmanager
2025-08-21 10:48:06,298 [INFO] IPUIPlugin:80 - create IPUIPlugin
2025-08-21 10:48:06,298 [INFO] PluginManager:220 - loadIPPluginJar : add fatfs
2025-08-21 10:48:06,448 [INFO] IPUIPlugin:80 - create IPUIPlugin
2025-08-21 10:48:06,449 [INFO] PluginManager:220 - loadIPPluginJar : add fmc
2025-08-21 10:48:06,495 [INFO] IPUIPlugin:80 - create IPUIPlugin
2025-08-21 10:48:06,495 [INFO] PluginManager:220 - loadIPPluginJar : add freertos
2025-08-21 10:48:06,570 [INFO] IPUIPlugin:80 - create IPUIPlugin
2025-08-21 10:48:06,570 [INFO] PluginManager:220 - loadIPPluginJar : add genericplugin
2025-08-21 10:48:06,605 [INFO] ThirdPartyUpdaterWithRetryManager:70 - Updater plugin not ready yet. [2/15]
2025-08-21 10:48:06,859 [INFO] IPUIPlugin:80 - create IPUIPlugin
2025-08-21 10:48:06,859 [INFO] PluginManager:220 - loadIPPluginJar : add gfxmmu
2025-08-21 10:48:07,312 [INFO] IPUIPlugin:80 - create IPUIPlugin
2025-08-21 10:48:07,313 [INFO] PluginManager:220 - loadIPPluginJar : add gic
2025-08-21 10:48:07,350 [INFO] IPUIPlugin:80 - create IPUIPlugin
2025-08-21 10:48:07,351 [INFO] PluginManager:220 - loadIPPluginJar : add gpio
2025-08-21 10:48:07,647 [INFO] IPUIPlugin:80 - create IPUIPlugin
2025-08-21 10:48:07,647 [INFO] PluginManager:220 - loadIPPluginJar : add gtzc
2025-08-21 10:48:07,738 [INFO] IPUIPlugin:80 - create IPUIPlugin
2025-08-21 10:48:07,739 [INFO] PluginManager:220 - loadIPPluginJar : add hash
2025-08-21 10:48:07,905 [INFO] IPUIPlugin:80 - create IPUIPlugin
2025-08-21 10:48:07,905 [INFO] PluginManager:220 - loadIPPluginJar : add i2c
2025-08-21 10:48:08,023 [INFO] IPUIPlugin:80 - create IPUIPlugin
2025-08-21 10:48:08,024 [INFO] PluginManager:220 - loadIPPluginJar : add i2s
2025-08-21 10:48:08,140 [INFO] IPUIPlugin:80 - create IPUIPlugin
2025-08-21 10:48:08,140 [INFO] PluginManager:220 - loadIPPluginJar : add i3c
2025-08-21 10:48:08,478 [INFO] IPUIPlugin:80 - create IPUIPlugin
2025-08-21 10:48:08,478 [INFO] PluginManager:220 - loadIPPluginJar : add ipddr
2025-08-21 10:48:08,803 [INFO] IPUIPlugin:80 - create IPUIPlugin
2025-08-21 10:48:08,803 [INFO] PluginManager:220 - loadIPPluginJar : add linkedlist
2025-08-21 10:48:08,921 [INFO] IPUIPlugin:80 - create IPUIPlugin
2025-08-21 10:48:08,921 [INFO] PluginManager:220 - loadIPPluginJar : add lorawan
2025-08-21 10:48:09,050 [INFO] IPUIPlugin:80 - create IPUIPlugin
2025-08-21 10:48:09,050 [INFO] PluginManager:220 - loadIPPluginJar : add ltdc
2025-08-21 10:48:09,087 [INFO] IPUIPlugin:80 - create IPUIPlugin
2025-08-21 10:48:09,087 [INFO] PluginManager:220 - loadIPPluginJar : add mdma
2025-08-21 10:48:09,115 [INFO] IPUIPlugin:80 - create IPUIPlugin
2025-08-21 10:48:09,115 [INFO] PluginManager:220 - loadIPPluginJar : add nvic
2025-08-21 10:48:09,224 [INFO] IPUIPlugin:80 - create IPUIPlugin
2025-08-21 10:48:09,224 [INFO] PluginManager:220 - loadIPPluginJar : add opamp
2025-08-21 10:48:09,380 [INFO] IPUIPlugin:80 - create IPUIPlugin
2025-08-21 10:48:09,380 [INFO] PluginManager:220 - loadIPPluginJar : add openamp
2025-08-21 10:48:09,475 [INFO] IPUIPlugin:80 - create IPUIPlugin
2025-08-21 10:48:09,475 [INFO] PluginManager:220 - loadIPPluginJar : add pdm2pcm
2025-08-21 10:48:09,491 [INFO] IPUIPlugin:80 - create IPUIPlugin
2025-08-21 10:48:09,506 [INFO] PluginManager:220 - loadIPPluginJar : add plateformsettings
2025-08-21 10:48:09,563 [INFO] IPUIPlugin:80 - create IPUIPlugin
2025-08-21 10:48:09,563 [INFO] PluginManager:220 - loadIPPluginJar : add quadspi
2025-08-21 10:48:09,607 [INFO] ThirdPartyUpdaterWithRetryManager:70 - Updater plugin not ready yet. [3/15]
2025-08-21 10:48:09,631 [INFO] IPUIPlugin:80 - create IPUIPlugin
2025-08-21 10:48:09,633 [INFO] PluginManager:220 - loadIPPluginJar : add radio
2025-08-21 10:48:09,695 [INFO] IPUIPlugin:80 - create IPUIPlugin
2025-08-21 10:48:09,696 [INFO] PluginManager:220 - loadIPPluginJar : add resmgrutility
2025-08-21 10:48:09,840 [INFO] IPUIPlugin:80 - create IPUIPlugin
2025-08-21 10:48:09,840 [INFO] PluginManager:220 - loadIPPluginJar : add sai
2025-08-21 10:48:09,926 [INFO] IPUIPlugin:80 - create IPUIPlugin
2025-08-21 10:48:09,926 [INFO] PluginManager:220 - loadIPPluginJar : add spi
2025-08-21 10:48:10,098 [INFO] IPUIPlugin:80 - create IPUIPlugin
2025-08-21 10:48:10,098 [INFO] PluginManager:220 - loadIPPluginJar : add stm32_wpan
2025-08-21 10:48:10,145 [INFO] IPUIPlugin:80 - create IPUIPlugin
2025-08-21 10:48:10,145 [INFO] PluginManager:220 - loadIPPluginJar : add tim
2025-08-21 10:48:10,286 [INFO] IPUIPlugin:80 - create IPUIPlugin
2025-08-21 10:48:10,286 [INFO] PluginManager:220 - loadIPPluginJar : add touchsensing
2025-08-21 10:48:10,348 [INFO] IPUIPlugin:80 - create IPUIPlugin
2025-08-21 10:48:10,348 [INFO] PluginManager:220 - loadIPPluginJar : add tracer_emb
2025-08-21 10:48:10,395 [INFO] IPUIPlugin:80 - create IPUIPlugin
2025-08-21 10:48:10,395 [INFO] PluginManager:220 - loadIPPluginJar : add ts
2025-08-21 10:48:10,442 [INFO] IPUIPlugin:80 - create IPUIPlugin
2025-08-21 10:48:10,442 [INFO] PluginManager:220 - loadIPPluginJar : add tsc
2025-08-21 10:48:10,504 [INFO] IPUIPlugin:80 - create IPUIPlugin
2025-08-21 10:48:10,504 [INFO] PluginManager:220 - loadIPPluginJar : add ucpd
2025-08-21 10:48:10,598 [INFO] IPUIPlugin:80 - create IPUIPlugin
2025-08-21 10:48:10,598 [INFO] PluginManager:220 - loadIPPluginJar : add usart
2025-08-21 10:48:10,692 [INFO] IPUIPlugin:80 - create IPUIPlugin
2025-08-21 10:48:10,708 [INFO] PluginManager:220 - loadIPPluginJar : add usbx
2025-08-21 10:48:10,912 [FATAL] Updater:351 - Updater called before beeing initialized
2025-08-21 10:48:10,975 [INFO] RulesReader:64 - Compatibility file has been processed (317 Rules)
2025-08-21 10:48:11,006 [INFO] RulesReader:64 - Compatibility file has been processed (317 Rules)
2025-08-21 10:48:11,036 [INFO] CADModel:165 - CPN selected for project level
2025-08-21 10:48:11,036 [INFO] CADModel:114 - Register for checkConnection events
2025-08-21 10:48:11,036 [FATAL] Updater:351 - Updater called before beeing initialized
2025-08-21 10:48:11,036 [ERROR] CADModel:125 - Updater not yet initialized, retry later 
2025-08-21 10:48:11,398 [FATAL] Updater:351 - Updater called before beeing initialized
2025-08-21 10:48:11,409 [INFO] CADModel:165 - CPN selected for project level
2025-08-21 10:48:11,409 [INFO] CADModel:114 - Register for checkConnection events
2025-08-21 10:48:11,409 [FATAL] Updater:351 - Updater called before beeing initialized
2025-08-21 10:48:11,409 [ERROR] CADModel:125 - Updater not yet initialized, retry later 
2025-08-21 10:48:11,409 [FATAL] Updater:351 - Updater called before beeing initialized
2025-08-21 10:48:11,675 [FATAL] Updater:351 - Updater called before beeing initialized
2025-08-21 10:48:11,706 [INFO] DbMcusAds:53 - JSON generation date=Tue Jul 08 10:14:23 CEST 2025 (1751962463562)
2025-08-21 10:48:11,706 [FATAL] Updater:351 - Updater called before beeing initialized
2025-08-21 10:48:11,768 [WARN] DetailPanel:346 - Failed to get advertising image, set to default
2025-08-21 10:48:11,940 [FATAL] Updater:351 - Updater called before beeing initialized
2025-08-21 10:48:11,956 [FATAL] Updater:351 - Updater called before beeing initialized
2025-08-21 10:48:11,956 [FATAL] Updater:351 - Updater called before beeing initialized
2025-08-21 10:48:11,956 [WARN] DetailPanel:346 - Failed to get advertising image, set to default
2025-08-21 10:48:11,956 [FATAL] Updater:351 - Updater called before beeing initialized
2025-08-21 10:48:12,077 [ERROR] Updater:1198 - MainUpdater not yet initialized. External WinMGr cannot be set.
2025-08-21 10:48:12,092 [INFO] Updater:1134 - Updater Version found : 6.15.0
2025-08-21 10:48:12,123 [INFO] ApplicationProperties:184 - Using Application install path: C:\ST\STM32CubeIDE_1.19.0\STM32CubeIDE\plugins\com.st.stm32cube.common.mx_6.15.0.202507011659
2025-08-21 10:48:12,609 [INFO] ThirdPartyUpdaterWithRetryManager:70 - Updater plugin not ready yet. [4/15]
2025-08-21 10:48:13,748 [ERROR] LogOutputStream:75 - [STDERR_REDIRECT] Aug 21, 2025 10:48:13 AM java.util.prefs.WindowsPreferences <init>
2025-08-21 10:48:13,748 [ERROR] LogOutputStream:75 - [STDERR_REDIRECT] WARNING: Could not open/create prefs root node Software\JavaSoft\Prefs at root 0xffffffff80000002. Windows RegCreateKeyEx(...) returned error code 5.
2025-08-21 10:48:13,748 [ERROR] LogOutputStream:75 - [STDERR_REDIRECT] 
2025-08-21 10:48:14,396 [INFO] MainUpdater:2872 - connection check result : 10
2025-08-21 10:48:14,397 [INFO] MainUpdater:289 - Updater Check For Update Now.
2025-08-21 10:48:14,397 [INFO] MicroXplorer:498 - Change Database Version : DB.6.0.150
2025-08-21 10:48:14,432 [INFO] McuFinderGlobals:63 - Set McuFinder mode to 2 (CubeIDE integrated)
2025-08-21 10:48:14,446 [INFO] UserAuth:487 - Internet connection configuration mode: 1
2025-08-21 10:48:14,532 [INFO] JxBrowserEngine:152 - Initiate JxBrowser Engine with user profile folder
2025-08-21 10:48:14,795 [INFO] CheckServerUpdateThread:120 - End of CheckServer Thread
2025-08-21 10:48:16,445 [WARN] PackLoader:240 - Cannot read IP mode file for STMicroelectronics.FP-SNS-MOTENVWB1.1.4.0
2025-08-21 10:48:16,514 [WARN] PackLoader:240 - Cannot read IP mode file for STMicroelectronics.FP-ATR-ASTRA1.2.0.2
2025-08-21 10:48:16,570 [WARN] PackLoader:240 - Cannot read IP mode file for STMicroelectronics.X-CUBE-SMBUS.2.1.0
2025-08-21 10:48:16,614 [WARN] PackLoader:240 - Cannot read IP mode file for STMicroelectronics.X-CUBE-ST60.1.0.0
2025-08-21 10:48:16,807 [WARN] PackLoader:240 - Cannot read IP mode file for STMicroelectronics.X-CUBE-AZRTOS-F7.1.1.0
2025-08-21 10:48:16,978 [WARN] PackLoader:240 - Cannot read IP mode file for Infineon.AIROC-Wi-Fi-Bluetooth-STM32.1.7.1
2025-08-21 10:48:17,134 [WARN] PackLoader:240 - Cannot read IP mode file for STMicroelectronics.X-CUBE-AZRTOS-H7.3.4.0
2025-08-21 10:48:17,193 [WARN] PackLoader:240 - Cannot read IP mode file for STMicroelectronics.X-CUBE-DISPLAY.3.0.0
2025-08-21 10:48:17,254 [WARN] PackLoader:240 - Cannot read IP mode file for STMicroelectronics.X-CUBE-NFC10.1.0.0
2025-08-21 10:48:17,312 [WARN] PackLoader:240 - Cannot read IP mode file for emotas.I-CUBE-CANOPEN.1.3.0
2025-08-21 10:48:17,419 [WARN] PackLoader:240 - Cannot read IP mode file for STMicroelectronics.FP-SNS-STBOX1.2.1.0
2025-08-21 10:48:17,480 [WARN] PackLoader:240 - Cannot read IP mode file for STMicroelectronics.FP-SNS-SMARTAG2.1.2.0
2025-08-21 10:48:17,532 [WARN] PackLoader:240 - Cannot read IP mode file for STMicroelectronics.FP-SNS-FLIGHT1.5.1.0
2025-08-21 10:48:17,675 [INFO] LogOutputStream:77 - [STDOUT_REDIRECT] 1 : Invalid condition id : UX_CORESTACK_Condition cause : null
2025-08-21 10:48:17,711 [INFO] LogOutputStream:77 - [STDOUT_REDIRECT] 1 : Invalid condition id : UX_CORESTACK_Condition cause : null
2025-08-21 10:48:17,734 [INFO] LogOutputStream:77 - [STDOUT_REDIRECT] 1 : Invalid condition id : UX_CORESTACK_Condition cause : null
2025-08-21 10:48:17,738 [INFO] LogOutputStream:77 - [STDOUT_REDIRECT] 1 : Invalid condition id : UX_CORESTACK_Condition cause : null
2025-08-21 10:48:17,742 [INFO] LogOutputStream:77 - [STDOUT_REDIRECT] 1 : Invalid condition id : UX_CORESTACK_Condition cause : null
2025-08-21 10:48:17,742 [WARN] PackLoader:240 - Cannot read IP mode file for STMicroelectronics.X-CUBE-AZRTOS-WL.2.0.0
2025-08-21 10:48:17,809 [WARN] PackLoader:240 - Cannot read IP mode file for STMicroelectronics.FP-SNS-MOTENV1.5.0.0
2025-08-21 10:48:17,897 [WARN] PackLoader:240 - Cannot read IP mode file for WES.I-CUBE-Cesium.1.3.0
2025-08-21 10:48:17,942 [WARN] PackLoader:240 - Cannot read IP mode file for STMicroelectronics.X-CUBE-BLE2.3.3.0
2025-08-21 10:48:18,018 [WARN] PackLoader:240 - Cannot read IP mode file for STMicroelectronics.X-CUBE-NFC9.1.0.0
2025-08-21 10:48:18,061 [WARN] PackLoader:240 - Cannot read IP mode file for wolfSSL.I-CUBE-wolfSSL.5.8.2
2025-08-21 10:48:18,142 [WARN] PackLoader:240 - Cannot read IP mode file for STMicroelectronics.X-CUBE-BLE1.7.1.0
2025-08-21 10:48:18,202 [WARN] PackLoader:240 - Cannot read IP mode file for wolfSSL.I-CUBE-wolfMQTT.1.19.2
2025-08-21 10:48:18,292 [WARN] PackLoader:240 - Cannot read IP mode file for STMicroelectronics.X-CUBE-EEPRMA1.5.2.0
2025-08-21 10:48:18,349 [WARN] PackLoader:240 - Cannot read IP mode file for STMicroelectronics.X-CUBE-AI.10.1.0
2025-08-21 10:48:18,445 [WARN] PackLoader:240 - Cannot read IP mode file for STMicroelectronics.X-CUBE-AZRTOS-G0.1.1.0
2025-08-21 10:48:18,505 [WARN] PackLoader:240 - Cannot read IP mode file for STMicroelectronics.X-CUBE-SAFEA1.1.2.2
2025-08-21 10:48:18,562 [WARN] PackLoader:240 - Cannot read IP mode file for STMicroelectronics.X-CUBE-NFC4.3.0.0
2025-08-21 10:48:18,591 [INFO] WebApp:169 - Instantiating new browser for Auth
2025-08-21 10:48:18,668 [WARN] PackLoader:240 - Cannot read IP mode file for EmbeddedOffice.I-CUBE-FS-RTOS.1.0.1
2025-08-21 10:48:18,768 [WARN] PackLoader:240 - Cannot read IP mode file for STMicroelectronics.X-CUBE-WB05N.2.0.0
2025-08-21 10:48:18,833 [WARN] PackLoader:240 - Cannot read IP mode file for wolfSSL.I-CUBE-wolfTPM.3.8.0
2025-08-21 10:48:18,954 [WARN] PackLoader:240 - Cannot read IP mode file for STMicroelectronics.X-CUBE-TCPP.4.2.0
2025-08-21 10:48:19,003 [WARN] PackLoader:240 - Cannot read IP mode file for RealThread.X-CUBE-RT-Thread_Nano.4.1.1
2025-08-21 10:48:19,039 [WARN] PackLoader:240 - Cannot read IP mode file for STMicroelectronics.FP-ATR-SIGFOX1.3.2.0
2025-08-21 10:48:19,083 [WARN] PackLoader:240 - Cannot read IP mode file for ITTIA_DB.I-CUBE-ITTIADB.8.9.0
2025-08-21 10:48:19,137 [WARN] PackLoader:240 - Cannot read IP mode file for STMicroelectronics.X-CUBE-ST67W61.1.0.0
2025-08-21 10:48:19,185 [WARN] PackLoader:240 - Cannot read IP mode file for STMicroelectronics.X-CUBE-AI.10.2.0
2025-08-21 10:48:19,314 [WARN] PackLoader:240 - Cannot read IP mode file for SEGGER.I-CUBE-embOS.1.3.1
2025-08-21 10:48:19,616 [WARN] PackLoader:240 - Cannot read IP mode file for STMicroelectronics.X-CUBE-ALGOBUILD.1.4.0
2025-08-21 10:48:19,922 [WARN] PackLoader:240 - Cannot read IP mode file for STMicroelectronics.X-CUBE-MEMS1.11.3.0
2025-08-21 10:48:20,330 [WARN] PackLoader:240 - Cannot read IP mode file for STMicroelectronics.X-CUBE-PM33A1.1.0.0
2025-08-21 10:48:20,478 [WARN] PackLoader:240 - Cannot read IP mode file for STMicroelectronics.X-CUBE-AZRTOS-F4.1.1.0
2025-08-21 10:48:20,540 [WARN] PackLoader:240 - Cannot read IP mode file for STMicroelectronics.X-CUBE-ISPU.2.1.0
2025-08-21 10:48:20,611 [WARN] PackLoader:240 - Cannot read IP mode file for STMicroelectronics.X-CUBE-NFC12.1.0.0
2025-08-21 10:48:20,718 [WARN] PackLoader:240 - Cannot read IP mode file for STMicroelectronics.X-CUBE-AZRTOS-L5.2.0.0
2025-08-21 10:48:20,779 [WARN] PackLoader:240 - Cannot read IP mode file for STMicroelectronics.X-CUBE-NFC6.3.1.0
2025-08-21 10:48:20,826 [WARN] PackLoader:240 - Cannot read IP mode file for STMicroelectronics.X-CUBE-FREERTOS.1.3.1
2025-08-21 10:48:20,858 [WARN] PackLoader:240 - Cannot read IP mode file for STMicroelectronics.FP-SNS-STAIOTCFT.1.0.0
2025-08-21 10:48:20,904 [WARN] PackLoader:240 - Cannot read IP mode file for STMicroelectronics.X-CUBE-DPower.1.3.0
2025-08-21 10:48:21,095 [WARN] ConditionMgr:438 - getConditionDescription Invalid condition id : LAN8742 Phy interface Condition cause : null
2025-08-21 10:48:21,095 [WARN] PackLoader:240 - Cannot read IP mode file for STMicroelectronics.X-CUBE-AZRTOS-L4.2.0.0
2025-08-21 10:48:21,135 [WARN] ConditionMgr:1044 - genDependencies : Invalid condition id : LAN8742 Phy interface Condition cause : null
2025-08-21 10:48:21,136 [WARN] ConditionMgr:1044 - genDependencies : Invalid condition id : LAN8742 Phy interface Condition cause : null
2025-08-21 10:48:21,138 [WARN] ConditionMgr:1044 - genDependencies : Invalid condition id : LAN8742 Phy interface Condition cause : null
2025-08-21 10:48:21,254 [WARN] PackLoader:240 - Cannot read IP mode file for STMicroelectronics.X-CUBE-SFXS2LP1.4.0.0
2025-08-21 10:48:21,378 [WARN] PackLoader:240 - Cannot read IP mode file for STMicroelectronics.X-CUBE-BLEMGR.4.1.0
2025-08-21 10:48:21,476 [WARN] ConditionMgr:438 - getConditionDescription Invalid condition id : UX DEVICE CLASS RTOS Condition cause : null
2025-08-21 10:48:21,476 [WARN] ConditionMgr:438 - getConditionDescription Invalid condition id : UX DEVICE CLASS RTOS Condition cause : null
2025-08-21 10:48:21,484 [WARN] PackLoader:240 - Cannot read IP mode file for STMicroelectronics.X-CUBE-AZRTOS-WB.2.0.0
2025-08-21 10:48:21,486 [WARN] ConditionMgr:1044 - genDependencies : Invalid condition id : UX DEVICE CLASS RTOS Condition cause : null
2025-08-21 10:48:21,486 [WARN] ConditionMgr:1044 - genDependencies : Invalid condition id : UX DEVICE CLASS RTOS Condition cause : null
2025-08-21 10:48:21,488 [WARN] ConditionMgr:1044 - genDependencies : Invalid condition id : UX DEVICE CLASS RTOS Condition cause : null
2025-08-21 10:48:21,489 [WARN] ConditionMgr:1044 - genDependencies : Invalid condition id : UX DEVICE CLASS RTOS Condition cause : null
2025-08-21 10:48:21,490 [WARN] ConditionMgr:1044 - genDependencies : Invalid condition id : UX DEVICE CLASS RTOS Condition cause : null
2025-08-21 10:48:21,552 [WARN] PackLoader:240 - Cannot read IP mode file for STMicroelectronics.X-CUBE-GNSS1.7.0.1
2025-08-21 10:48:21,556 [INFO] WebApp:463 - Apply proxy settings
2025-08-21 10:48:21,558 [INFO] WebApp:548 - Chromium requires no authentication
2025-08-21 10:48:21,578 [INFO] WebApp:491 - Direct internet connection detected
2025-08-21 10:48:21,607 [WARN] PackLoader:240 - Cannot read IP mode file for STMicroelectronics.X-CUBE-TOUCHGFX.4.25.0
2025-08-21 10:48:21,644 [WARN] PackLoader:240 - Cannot read IP mode file for STMicroelectronics.FP-SNS-STBOX1.2.0.0
2025-08-21 10:48:21,691 [WARN] ConditionMgr:438 - getConditionDescription Invalid condition id : Cortex-A Device cause : null
2025-08-21 10:48:21,691 [INFO] WebApp:900 - Register for checkConnection events
2025-08-21 10:48:21,707 [INFO] WebApp:463 - Apply proxy settings
2025-08-21 10:48:21,707 [INFO] WebApp:548 - Chromium requires no authentication
2025-08-21 10:48:21,710 [INFO] WebApp:491 - Direct internet connection detected
2025-08-21 10:48:21,758 [WARN] ConditionMgr:1044 - genDependencies : Invalid condition id : Cortex-A Device cause : null
2025-08-21 10:48:21,758 [WARN] ConditionMgr:1044 - genDependencies : Invalid condition id : Cortex-A Device cause : null
2025-08-21 10:48:21,758 [WARN] ConditionMgr:1044 - genDependencies : Invalid condition id : Cortex-A Device cause : null
2025-08-21 10:48:21,852 [WARN] PackLoader:240 - Cannot read IP mode file for STMicroelectronics.X-CUBE-SUBG2.5.0.0
2025-08-21 10:48:22,006 [INFO] WebApp:191 - Connection restablished
2025-08-21 10:48:22,011 [WARN] PackLoader:240 - Cannot read IP mode file for STMicroelectronics.X-CUBE-AZRTOS-H7RS.1.1.0
2025-08-21 10:48:22,082 [WARN] PackLoader:240 - Cannot read IP mode file for Cesanta.I-CUBE-Mongoose.7.13.0
2025-08-21 10:48:22,201 [WARN] PackLoader:240 - Cannot read IP mode file for STMicroelectronics.X-CUBE-AZRTOS-G4.2.0.0
2025-08-21 10:48:22,245 [WARN] PackLoader:240 - Cannot read IP mode file for wolfSSL.I-CUBE-wolfSSH.1.4.20
2025-08-21 10:48:22,302 [WARN] PackLoader:240 - Cannot read IP mode file for STMicroelectronics.X-CUBE-NFC7.2.0.0
2025-08-21 10:48:22,377 [WARN] PackLoader:240 - Cannot read IP mode file for STMicroelectronics.X-CUBE-IPS.3.1.0
2025-08-21 10:48:22,491 [WARN] PackLoader:240 - Cannot read IP mode file for STMicroelectronics.X-CUBE-ALS.1.0.2
2025-08-21 10:48:22,601 [WARN] PackLoader:240 - Cannot read IP mode file for portGmbH.I-Cube-SoM-uGOAL.1.1.0
2025-08-21 10:48:22,674 [WARN] PackLoader:240 - Cannot read IP mode file for STMicroelectronics.X-CUBE-TOF1.3.4.3
2025-08-21 10:48:22,749 [INFO] ThirdParty:978 - Integrity check success = true
2025-08-21 10:48:22,749 [INFO] IntegrityCheckThread:100 - exiting critical section [integrity check]
2025-08-21 10:48:22,750 [INFO] IntegrityCheckThread:103 - End integrity checks thread
2025-08-21 10:48:23,312 [INFO] WebApp:225 - Starting web application
2025-08-21 10:48:23,312 [INFO] WebApp:593 - Web application path used C:\ST\STM32CubeIDE_1.19.0\STM32CubeIDE\plugins\com.st.stm32cube.common.mx_6.15.0.202507011659\db\plugins\mcufinder\reactClient1\index.html
2025-08-21 10:48:23,811 [INFO] UserAuth:487 - Internet connection configuration mode: 1
2025-08-21 13:33:13,955 [INFO] WebApp:194 - Connection lost
2025-08-21 13:33:14,136 [INFO] WebApp:191 - Connection restablished
2025-08-21 16:44:48,111 [ERROR] LogOutputStream:75 - [STDERR_REDIRECT] 
2025-08-21 16:44:48,115 [ERROR] LogOutputStream:75 - [STDERR_REDIRECT] 
