2025-07-30 10:42:13,226 [INFO] Activator:176 - 


2025-07-30 10:42:13,237 [INFO] Activator:177 - !SESSION log4j initialized
2025-07-30 10:42:29,862 [INFO] LogOutputStream:77 - [STDOUT_REDIRECT] 
2025-07-30 10:42:36,147 [INFO] ApplicationProperties:184 - Using Application install path: C:\ST\STM32CubeIDE_1.19.0\STM32CubeIDE\plugins\com.st.stm32cube.common.mx_6.15.0.202507011659
2025-07-30 10:42:36,219 [INFO] DbMcusXml:78 - Set database path to: C:\ST\STM32CubeIDE_1.19.0\STM32CubeIDE\plugins\com.st.stm32cube.common.mx_6.15.0.202507011659\\db\/mcu/
2025-07-30 10:42:36,220 [INFO] ApiDb:274 - Set plugin database path to: C:\ST\STM32CubeIDE_1.19.0\STM32CubeIDE\plugins\com.st.stm32cube.common.mx_6.15.0.202507011659\\db\/plugins/boardmanager/
2025-07-30 10:42:36,221 [WARN] ApiDb:259 - Overriding images path with different value:  => C:\ST\STM32CubeIDE_1.19.0\STM32CubeIDE\plugins\com.st.stm32cube.common.mx_6.15.0.202507011659\\db\/plugins/mcufinder/images/
2025-07-30 10:42:36,254 [INFO] ApiDb:250 - Set database path to: C:\Users\olabe.DESKTOP-R0GGDE7\.stmcufinder\plugins\mcufinder//mcu/
2025-07-30 10:42:36,257 [INFO] DbMcusAds:125 - Set database path to: C:\Users\olabe.DESKTOP-R0GGDE7\.stmcufinder\plugins\mcufinder//mcu/
2025-07-30 10:42:36,267 [INFO] CrossReferenceDbSqlite:203 - Set database path to: C:\Users\olabe.DESKTOP-R0GGDE7\.stmcufinder\plugins\mcufinder//mcu/cs/
2025-07-30 10:42:36,837 [INFO] RulesReader:64 - Compatibility file has been processed (317 Rules)
2025-07-30 10:42:37,106 [INFO] DbMcusXml:78 - Set database path to: C:\ST\STM32CubeIDE_1.19.0\STM32CubeIDE\plugins\com.st.stm32cube.common.mx_6.15.0.202507011659\\db\/mcu/
2025-07-30 10:42:37,107 [INFO] ApiDb:274 - Set plugin database path to: C:\ST\STM32CubeIDE_1.19.0\STM32CubeIDE\plugins\com.st.stm32cube.common.mx_6.15.0.202507011659\\db\/plugins/boardmanager/
2025-07-30 10:42:37,107 [INFO] ApiDb:261 - Set plugin images path to: C:\ST\STM32CubeIDE_1.19.0\STM32CubeIDE\plugins\com.st.stm32cube.common.mx_6.15.0.202507011659\\db\/plugins/mcufinder/images/
2025-07-30 10:42:37,108 [WARN] DbFile:41 - Overriding database path with different value: C:\Users\olabe.DESKTOP-R0GGDE7\.stmcufinder\plugins\mcufinder/ => C:\Users\olabe.DESKTOP-R0GGDE7\.stmcufinder\plugins\mcufinder
2025-07-30 10:42:37,109 [INFO] ApiDb:250 - Set database path to: C:\Users\olabe.DESKTOP-R0GGDE7\.stmcufinder\plugins\mcufinder//mcu/
2025-07-30 10:42:37,109 [WARN] DbFile:41 - Overriding database path with different value: C:\Users\olabe.DESKTOP-R0GGDE7\.stmcufinder\plugins\mcufinder/ => C:\Users\olabe.DESKTOP-R0GGDE7\.stmcufinder\plugins\mcufinder
2025-07-30 10:42:37,109 [INFO] DbMcusAds:125 - Set database path to: C:\Users\olabe.DESKTOP-R0GGDE7\.stmcufinder\plugins\mcufinder//mcu/
2025-07-30 10:42:37,110 [WARN] DbFile:41 - Overriding database path with different value: C:\Users\olabe.DESKTOP-R0GGDE7\.stmcufinder\plugins\mcufinder/ => C:\Users\olabe.DESKTOP-R0GGDE7\.stmcufinder\plugins\mcufinder
2025-07-30 10:42:37,110 [WARN] DbFile:41 - Overriding database path with different value: C:\Users\olabe.DESKTOP-R0GGDE7\.stmcufinder\plugins\mcufinder/ => C:\Users\olabe.DESKTOP-R0GGDE7\.stmcufinder\plugins\mcufinder
2025-07-30 10:42:37,110 [INFO] CrossReferenceDbSqlite:203 - Set database path to: C:\Users\olabe.DESKTOP-R0GGDE7\.stmcufinder\plugins\mcufinder//mcu/cs/
2025-07-30 10:42:37,346 [INFO] MainPanel:274 - HeapMemory: 268435456
2025-07-30 10:42:37,886 [INFO] DbMcusXml:78 - Set database path to: C:\ST\STM32CubeIDE_1.19.0\STM32CubeIDE\plugins\com.st.stm32cube.common.mx_6.15.0.202507011659\\db\/mcu/
2025-07-30 10:42:37,887 [INFO] ApiDb:274 - Set plugin database path to: C:\ST\STM32CubeIDE_1.19.0\STM32CubeIDE\plugins\com.st.stm32cube.common.mx_6.15.0.202507011659\\db\/plugins/boardmanager/
2025-07-30 10:42:37,887 [INFO] ApiDb:261 - Set plugin images path to: C:\ST\STM32CubeIDE_1.19.0\STM32CubeIDE\plugins\com.st.stm32cube.common.mx_6.15.0.202507011659\\db\/plugins/mcufinder/images/
2025-07-30 10:42:37,888 [WARN] DbFile:41 - Overriding database path with different value: C:\Users\olabe.DESKTOP-R0GGDE7\.stmcufinder\plugins\mcufinder/ => C:\Users\olabe.DESKTOP-R0GGDE7\.stmcufinder\plugins\mcufinder
2025-07-30 10:42:37,889 [INFO] ApiDb:250 - Set database path to: C:\Users\olabe.DESKTOP-R0GGDE7\.stmcufinder\plugins\mcufinder//mcu/
2025-07-30 10:42:37,889 [WARN] DbFile:41 - Overriding database path with different value: C:\Users\olabe.DESKTOP-R0GGDE7\.stmcufinder\plugins\mcufinder/ => C:\Users\olabe.DESKTOP-R0GGDE7\.stmcufinder\plugins\mcufinder
2025-07-30 10:42:37,889 [INFO] DbMcusAds:125 - Set database path to: C:\Users\olabe.DESKTOP-R0GGDE7\.stmcufinder\plugins\mcufinder//mcu/
2025-07-30 10:42:37,889 [WARN] DbFile:41 - Overriding database path with different value: C:\Users\olabe.DESKTOP-R0GGDE7\.stmcufinder\plugins\mcufinder/ => C:\Users\olabe.DESKTOP-R0GGDE7\.stmcufinder\plugins\mcufinder
2025-07-30 10:42:37,890 [WARN] DbFile:41 - Overriding database path with different value: C:\Users\olabe.DESKTOP-R0GGDE7\.stmcufinder\plugins\mcufinder/ => C:\Users\olabe.DESKTOP-R0GGDE7\.stmcufinder\plugins\mcufinder
2025-07-30 10:42:37,890 [INFO] CrossReferenceDbSqlite:203 - Set database path to: C:\Users\olabe.DESKTOP-R0GGDE7\.stmcufinder\plugins\mcufinder//mcu/cs/
2025-07-30 10:42:37,966 [INFO] ApplicationProperties:184 - Using Application install path: C:\ST\STM32CubeIDE_1.19.0\STM32CubeIDE\plugins\com.st.stm32cube.common.mx_6.15.0.202507011659
2025-07-30 10:42:37,972 [INFO] PluginManage:196 - Search for loadable plugins [exclusion list=, ]
2025-07-30 10:42:37,988 [INFO] PluginManage:310 - Check plugin analytics
2025-07-30 10:42:38,810 [INFO] AnalyticsPlugin:253 - Accepted Software Licenses: 
2025-07-30 10:42:38,810 [INFO] AnalyticsPlugin:255 - Accepted CMSIS Pack Licenses: 
2025-07-30 10:42:38,811 [INFO] AnalyticsPlugin:257 - Accepted Firmware Licenses: 
2025-07-30 10:42:38,817 [INFO] PluginManage:359 - Loaded plugin analytics (category:tool,tabindex:-1)
2025-07-30 10:42:38,818 [INFO] PluginManage:310 - Check plugin cadmodel
2025-07-30 10:42:38,869 [INFO] CADModel:105 - Init CAD model plugin
2025-07-30 10:42:38,870 [INFO] PluginManage:359 - Loaded plugin cadmodel (category:power,tabindex:5)
2025-07-30 10:42:38,870 [INFO] PluginManage:310 - Check plugin clock
2025-07-30 10:42:38,947 [INFO] PluginManage:359 - Loaded plugin clock (category:base,tabindex:2)
2025-07-30 10:42:38,948 [INFO] PluginManage:310 - Check plugin ddr
2025-07-30 10:42:38,959 [INFO] PluginManage:359 - Loaded plugin ddr (category:tool,tabindex:6)
2025-07-30 10:42:38,960 [INFO] PluginManage:310 - Check plugin filemanager
2025-07-30 10:42:39,437 [INFO] PluginManage:359 - Loaded plugin filemanager (category:base,tabindex:10)
2025-07-30 10:42:39,437 [INFO] PluginManage:310 - Check plugin ipmanager
2025-07-30 10:42:39,458 [INFO] PluginManage:359 - Loaded plugin ipmanager (category:base,tabindex:5)
2025-07-30 10:42:39,459 [INFO] PluginManage:310 - Check plugin lpbam
2025-07-30 10:42:39,529 [INFO] PluginManage:359 - Loaded plugin lpbam (category:base,tabindex:0)
2025-07-30 10:42:39,529 [INFO] PluginManage:310 - Check plugin memorymap
2025-07-30 10:42:39,610 [INFO] PluginManage:359 - Loaded plugin memorymap (category:base,tabindex:4)
2025-07-30 10:42:39,611 [INFO] PluginManage:310 - Check plugin pinoutandconfiguration
2025-07-30 10:42:39,682 [INFO] PluginManage:359 - Loaded plugin pinoutandconfiguration (category:base,tabindex:1)
2025-07-30 10:42:39,682 [INFO] PluginManage:310 - Check plugin pinoutconfig
2025-07-30 10:42:40,033 [WARN] SupportedApi:132 - Cannot load RTOS API schema: s4s-elt-must-match.1: The content of 'definitions' must match (annotation?, (simpleType | complexType)?, (unique | key | keyref)*)). A problem was found starting at: attribute.
2025-07-30 10:42:40,667 [INFO] PluginManage:359 - Loaded plugin pinoutconfig (category:base,tabindex:0)
2025-07-30 10:42:40,668 [INFO] PluginManage:310 - Check plugin power
2025-07-30 10:42:40,744 [INFO] PluginManage:359 - Loaded plugin power (category:power,tabindex:4)
2025-07-30 10:42:40,744 [INFO] PluginManage:310 - Check plugin projectmanager
2025-07-30 10:42:40,804 [INFO] PluginManage:359 - Loaded plugin projectmanager (category:projectmanager,tabindex:4)
2025-07-30 10:42:40,805 [INFO] PluginManage:310 - Check plugin rif
2025-07-30 10:42:40,877 [INFO] PluginManage:359 - Loaded plugin rif (category:base,tabindex:3)
2025-07-30 10:42:40,878 [INFO] PluginManage:310 - Check plugin thirdparty
2025-07-30 10:42:42,053 [WARN] IntegrityCheckThread:84 - waiting for thirdparty lock release [integrity check]
2025-07-30 10:42:42,053 [INFO] PluginManage:359 - Loaded plugin thirdparty (category:base,tabindex:-1)
2025-07-30 10:42:42,054 [INFO] IntegrityCheckThread:86 - entering critical section [integrity check]
2025-07-30 10:42:42,055 [INFO] PluginManage:310 - Check plugin tools
2025-07-30 10:42:42,056 [INFO] ThirdPartyUpdaterWithRetryManager:70 - Updater plugin not ready yet. [1/15]
2025-07-30 10:42:42,219 [INFO] PluginManage:359 - Loaded plugin tools (category:base,tabindex:7)
2025-07-30 10:42:42,220 [INFO] PluginManage:310 - Check plugin tutovideos
2025-07-30 10:42:43,019 [INFO] PluginManage:359 - Loaded plugin tutovideos (category:base,tabindex:-1)
2025-07-30 10:42:43,019 [INFO] PluginManage:310 - Check plugin updater
2025-07-30 10:42:43,093 [INFO] PluginManage:359 - Loaded plugin updater (category:base,tabindex:12)
2025-07-30 10:42:43,093 [INFO] PluginManage:310 - Check plugin userauth
2025-07-30 10:42:43,107 [INFO] UserAuth:118 - Init User Auth plugin
2025-07-30 10:42:43,110 [INFO] PluginManage:359 - Loaded plugin userauth (category:base,tabindex:14)
2025-07-30 10:42:43,112 [INFO] PluginManage:283 - PluginManage : Loaded plugins [18]
2025-07-30 10:42:43,996 [INFO] PinOutPanel:1589 - setPackage(No Configuration,No Configuration)
2025-07-30 10:42:44,246 [INFO] CADModel:165 - CPN selected for project level
2025-07-30 10:42:44,246 [INFO] CADModel:114 - Register for checkConnection events
2025-07-30 10:42:44,332 [INFO] IPUIPlugin:80 - create IPUIPlugin
2025-07-30 10:42:44,332 [INFO] PluginManager:220 - loadIPPluginJar : add adc
2025-07-30 10:42:44,498 [INFO] IPUIPlugin:80 - create IPUIPlugin
2025-07-30 10:42:44,498 [INFO] PluginManager:220 - loadIPPluginJar : add aes
2025-07-30 10:42:44,648 [INFO] IPUIPlugin:80 - create IPUIPlugin
2025-07-30 10:42:44,648 [INFO] PluginManager:220 - loadIPPluginJar : add can
2025-07-30 10:42:44,754 [INFO] IPUIPlugin:80 - create IPUIPlugin
2025-07-30 10:42:44,755 [INFO] PluginManager:220 - loadIPPluginJar : add comp
2025-07-30 10:42:44,899 [INFO] IPUIPlugin:80 - create IPUIPlugin
2025-07-30 10:42:44,900 [INFO] PluginManager:220 - loadIPPluginJar : add cryp
2025-07-30 10:42:44,946 [INFO] IPUIPlugin:80 - create IPUIPlugin
2025-07-30 10:42:44,946 [INFO] PluginManager:220 - loadIPPluginJar : add ddr_ctrl_phy
2025-07-30 10:42:45,077 [INFO] ThirdPartyUpdaterWithRetryManager:70 - Updater plugin not ready yet. [2/15]
2025-07-30 10:42:45,091 [INFO] IPUIPlugin:80 - create IPUIPlugin
2025-07-30 10:42:45,091 [INFO] PluginManager:220 - loadIPPluginJar : add dfsdm
2025-07-30 10:42:45,143 [INFO] IPUIPlugin:80 - create IPUIPlugin
2025-07-30 10:42:45,145 [INFO] PluginManager:220 - loadIPPluginJar : add dma
2025-07-30 10:42:45,314 [INFO] IPUIPlugin:80 - create IPUIPlugin
2025-07-30 10:42:45,315 [INFO] PluginManager:220 - loadIPPluginJar : add dma3
2025-07-30 10:42:45,509 [INFO] IPUIPlugin:80 - create IPUIPlugin
2025-07-30 10:42:45,509 [INFO] PluginManager:220 - loadIPPluginJar : add extmemmanager
2025-07-30 10:42:45,645 [INFO] IPUIPlugin:80 - create IPUIPlugin
2025-07-30 10:42:45,645 [INFO] PluginManager:220 - loadIPPluginJar : add fatfs
2025-07-30 10:42:45,852 [INFO] IPUIPlugin:80 - create IPUIPlugin
2025-07-30 10:42:45,853 [INFO] PluginManager:220 - loadIPPluginJar : add fmc
2025-07-30 10:42:45,908 [INFO] IPUIPlugin:80 - create IPUIPlugin
2025-07-30 10:42:45,909 [INFO] PluginManager:220 - loadIPPluginJar : add freertos
2025-07-30 10:42:45,997 [INFO] IPUIPlugin:80 - create IPUIPlugin
2025-07-30 10:42:45,997 [INFO] PluginManager:220 - loadIPPluginJar : add genericplugin
2025-07-30 10:42:46,403 [INFO] IPUIPlugin:80 - create IPUIPlugin
2025-07-30 10:42:46,403 [INFO] PluginManager:220 - loadIPPluginJar : add gfxmmu
2025-07-30 10:42:46,954 [INFO] IPUIPlugin:80 - create IPUIPlugin
2025-07-30 10:42:46,955 [INFO] PluginManager:220 - loadIPPluginJar : add gic
2025-07-30 10:42:47,010 [INFO] IPUIPlugin:80 - create IPUIPlugin
2025-07-30 10:42:47,010 [INFO] PluginManager:220 - loadIPPluginJar : add gpio
2025-07-30 10:42:47,486 [INFO] IPUIPlugin:80 - create IPUIPlugin
2025-07-30 10:42:47,487 [INFO] PluginManager:220 - loadIPPluginJar : add gtzc
2025-07-30 10:42:47,627 [INFO] IPUIPlugin:80 - create IPUIPlugin
2025-07-30 10:42:47,629 [INFO] PluginManager:220 - loadIPPluginJar : add hash
2025-07-30 10:42:47,858 [INFO] IPUIPlugin:80 - create IPUIPlugin
2025-07-30 10:42:47,858 [INFO] PluginManager:220 - loadIPPluginJar : add i2c
2025-07-30 10:42:48,018 [INFO] IPUIPlugin:80 - create IPUIPlugin
2025-07-30 10:42:48,018 [INFO] PluginManager:220 - loadIPPluginJar : add i2s
2025-07-30 10:42:48,078 [INFO] ThirdPartyUpdaterWithRetryManager:70 - Updater plugin not ready yet. [3/15]
2025-07-30 10:42:48,209 [INFO] IPUIPlugin:80 - create IPUIPlugin
2025-07-30 10:42:48,209 [INFO] PluginManager:220 - loadIPPluginJar : add i3c
2025-07-30 10:42:48,600 [INFO] IPUIPlugin:80 - create IPUIPlugin
2025-07-30 10:42:48,600 [INFO] PluginManager:220 - loadIPPluginJar : add ipddr
2025-07-30 10:42:48,936 [INFO] IPUIPlugin:80 - create IPUIPlugin
2025-07-30 10:42:48,937 [INFO] PluginManager:220 - loadIPPluginJar : add linkedlist
2025-07-30 10:42:49,062 [INFO] IPUIPlugin:80 - create IPUIPlugin
2025-07-30 10:42:49,063 [INFO] PluginManager:220 - loadIPPluginJar : add lorawan
2025-07-30 10:42:49,204 [INFO] IPUIPlugin:80 - create IPUIPlugin
2025-07-30 10:42:49,205 [INFO] PluginManager:220 - loadIPPluginJar : add ltdc
2025-07-30 10:42:49,250 [INFO] IPUIPlugin:80 - create IPUIPlugin
2025-07-30 10:42:49,251 [INFO] PluginManager:220 - loadIPPluginJar : add mdma
2025-07-30 10:42:49,294 [INFO] IPUIPlugin:80 - create IPUIPlugin
2025-07-30 10:42:49,295 [INFO] PluginManager:220 - loadIPPluginJar : add nvic
2025-07-30 10:42:49,446 [INFO] IPUIPlugin:80 - create IPUIPlugin
2025-07-30 10:42:49,447 [INFO] PluginManager:220 - loadIPPluginJar : add opamp
2025-07-30 10:42:49,698 [INFO] IPUIPlugin:80 - create IPUIPlugin
2025-07-30 10:42:49,698 [INFO] PluginManager:220 - loadIPPluginJar : add openamp
2025-07-30 10:42:49,870 [INFO] IPUIPlugin:80 - create IPUIPlugin
2025-07-30 10:42:49,870 [INFO] PluginManager:220 - loadIPPluginJar : add pdm2pcm
2025-07-30 10:42:49,917 [INFO] IPUIPlugin:80 - create IPUIPlugin
2025-07-30 10:42:49,925 [INFO] PluginManager:220 - loadIPPluginJar : add plateformsettings
2025-07-30 10:42:50,003 [INFO] IPUIPlugin:80 - create IPUIPlugin
2025-07-30 10:42:50,003 [INFO] PluginManager:220 - loadIPPluginJar : add quadspi
2025-07-30 10:42:50,077 [INFO] IPUIPlugin:80 - create IPUIPlugin
2025-07-30 10:42:50,078 [INFO] PluginManager:220 - loadIPPluginJar : add radio
2025-07-30 10:42:50,109 [INFO] IPUIPlugin:80 - create IPUIPlugin
2025-07-30 10:42:50,109 [INFO] PluginManager:220 - loadIPPluginJar : add resmgrutility
2025-07-30 10:42:50,260 [INFO] IPUIPlugin:80 - create IPUIPlugin
2025-07-30 10:42:50,261 [INFO] PluginManager:220 - loadIPPluginJar : add sai
2025-07-30 10:42:50,384 [INFO] IPUIPlugin:80 - create IPUIPlugin
2025-07-30 10:42:50,384 [INFO] PluginManager:220 - loadIPPluginJar : add spi
2025-07-30 10:42:50,744 [INFO] IPUIPlugin:80 - create IPUIPlugin
2025-07-30 10:42:50,744 [INFO] PluginManager:220 - loadIPPluginJar : add stm32_wpan
2025-07-30 10:42:50,845 [INFO] IPUIPlugin:80 - create IPUIPlugin
2025-07-30 10:42:50,846 [INFO] PluginManager:220 - loadIPPluginJar : add tim
2025-07-30 10:42:51,056 [INFO] IPUIPlugin:80 - create IPUIPlugin
2025-07-30 10:42:51,056 [INFO] PluginManager:220 - loadIPPluginJar : add touchsensing
2025-07-30 10:42:51,080 [INFO] ThirdPartyUpdaterWithRetryManager:70 - Updater plugin not ready yet. [4/15]
2025-07-30 10:42:51,116 [INFO] IPUIPlugin:80 - create IPUIPlugin
2025-07-30 10:42:51,117 [INFO] PluginManager:220 - loadIPPluginJar : add tracer_emb
2025-07-30 10:42:51,181 [INFO] IPUIPlugin:80 - create IPUIPlugin
2025-07-30 10:42:51,181 [INFO] PluginManager:220 - loadIPPluginJar : add ts
2025-07-30 10:42:51,251 [INFO] IPUIPlugin:80 - create IPUIPlugin
2025-07-30 10:42:51,251 [INFO] PluginManager:220 - loadIPPluginJar : add tsc
2025-07-30 10:42:51,307 [INFO] IPUIPlugin:80 - create IPUIPlugin
2025-07-30 10:42:51,308 [INFO] PluginManager:220 - loadIPPluginJar : add ucpd
2025-07-30 10:42:51,414 [INFO] IPUIPlugin:80 - create IPUIPlugin
2025-07-30 10:42:51,414 [INFO] PluginManager:220 - loadIPPluginJar : add usart
2025-07-30 10:42:51,535 [INFO] IPUIPlugin:80 - create IPUIPlugin
2025-07-30 10:42:51,535 [INFO] PluginManager:220 - loadIPPluginJar : add usbx
2025-07-30 10:42:51,737 [FATAL] Updater:351 - Updater called before beeing initialized
2025-07-30 10:42:51,803 [INFO] RulesReader:64 - Compatibility file has been processed (317 Rules)
2025-07-30 10:42:51,836 [INFO] RulesReader:64 - Compatibility file has been processed (317 Rules)
2025-07-30 10:42:51,853 [INFO] CADModel:165 - CPN selected for project level
2025-07-30 10:42:51,853 [INFO] CADModel:114 - Register for checkConnection events
2025-07-30 10:42:51,853 [FATAL] Updater:351 - Updater called before beeing initialized
2025-07-30 10:42:51,854 [ERROR] CADModel:125 - Updater not yet initialized, retry later 
2025-07-30 10:42:52,188 [FATAL] Updater:351 - Updater called before beeing initialized
2025-07-30 10:42:52,192 [INFO] CADModel:165 - CPN selected for project level
2025-07-30 10:42:52,192 [INFO] CADModel:114 - Register for checkConnection events
2025-07-30 10:42:52,192 [FATAL] Updater:351 - Updater called before beeing initialized
2025-07-30 10:42:52,192 [ERROR] CADModel:125 - Updater not yet initialized, retry later 
2025-07-30 10:42:52,200 [FATAL] Updater:351 - Updater called before beeing initialized
2025-07-30 10:42:52,483 [FATAL] Updater:351 - Updater called before beeing initialized
2025-07-30 10:42:52,511 [INFO] DbMcusAds:53 - JSON generation date=Tue Jul 08 10:14:23 CEST 2025 (1751962463562)
2025-07-30 10:42:52,512 [FATAL] Updater:351 - Updater called before beeing initialized
2025-07-30 10:42:52,610 [WARN] DetailPanel:346 - Failed to get advertising image, set to default
2025-07-30 10:42:52,861 [FATAL] Updater:351 - Updater called before beeing initialized
2025-07-30 10:42:52,865 [FATAL] Updater:351 - Updater called before beeing initialized
2025-07-30 10:42:52,865 [FATAL] Updater:351 - Updater called before beeing initialized
2025-07-30 10:42:52,866 [WARN] DetailPanel:346 - Failed to get advertising image, set to default
2025-07-30 10:42:52,868 [FATAL] Updater:351 - Updater called before beeing initialized
2025-07-30 10:42:53,055 [ERROR] Updater:1198 - MainUpdater not yet initialized. External WinMGr cannot be set.
2025-07-30 10:42:53,085 [INFO] Updater:1134 - Updater Version found : 6.15.0
2025-07-30 10:42:53,125 [INFO] ApplicationProperties:184 - Using Application install path: C:\ST\STM32CubeIDE_1.19.0\STM32CubeIDE\plugins\com.st.stm32cube.common.mx_6.15.0.202507011659
2025-07-30 10:42:54,083 [INFO] ThirdPartyUpdaterWithRetryManager:70 - Updater plugin not ready yet. [5/15]
2025-07-30 10:42:54,738 [ERROR] LogOutputStream:75 - [STDERR_REDIRECT] Jul 30, 2025 10:42:54 AM java.util.prefs.WindowsPreferences <init>
2025-07-30 10:42:54,744 [ERROR] LogOutputStream:75 - [STDERR_REDIRECT] WARNING: Could not open/create prefs root node Software\JavaSoft\Prefs at root 0xffffffff80000002. Windows RegCreateKeyEx(...) returned error code 5.
2025-07-30 10:42:54,745 [ERROR] LogOutputStream:75 - [STDERR_REDIRECT] 
2025-07-30 10:42:55,675 [INFO] MainUpdater:2872 - connection check result : 10
2025-07-30 10:42:55,677 [INFO] MainUpdater:289 - Updater Check For Update Now.
2025-07-30 10:42:55,677 [INFO] MicroXplorer:498 - Change Database Version : DB.6.0.150
2025-07-30 10:42:55,726 [INFO] McuFinderGlobals:63 - Set McuFinder mode to 2 (CubeIDE integrated)
2025-07-30 10:42:55,746 [INFO] UserAuth:487 - Internet connection configuration mode: 1
2025-07-30 10:42:55,824 [INFO] JxBrowserEngine:152 - Initiate JxBrowser Engine with user profile folder
2025-07-30 10:42:56,055 [INFO] CheckServerUpdateThread:120 - End of CheckServer Thread
2025-07-30 10:42:57,541 [WARN] PackLoader:240 - Cannot read IP mode file for STMicroelectronics.FP-SNS-MOTENVWB1.1.4.0
2025-07-30 10:42:57,588 [WARN] PackLoader:240 - Cannot read IP mode file for STMicroelectronics.FP-ATR-ASTRA1.2.0.2
2025-07-30 10:42:57,638 [WARN] PackLoader:240 - Cannot read IP mode file for STMicroelectronics.X-CUBE-SMBUS.2.1.0
2025-07-30 10:42:57,702 [WARN] PackLoader:240 - Cannot read IP mode file for STMicroelectronics.X-CUBE-ST60.1.0.0
2025-07-30 10:42:57,822 [WARN] PackLoader:240 - Cannot read IP mode file for STMicroelectronics.X-CUBE-AZRTOS-F7.1.1.0
2025-07-30 10:42:57,952 [WARN] PackLoader:240 - Cannot read IP mode file for Infineon.AIROC-Wi-Fi-Bluetooth-STM32.1.7.1
2025-07-30 10:42:58,075 [WARN] PackLoader:240 - Cannot read IP mode file for STMicroelectronics.X-CUBE-AZRTOS-H7.3.4.0
2025-07-30 10:42:58,137 [WARN] PackLoader:240 - Cannot read IP mode file for STMicroelectronics.X-CUBE-DISPLAY.3.0.0
2025-07-30 10:42:58,379 [WARN] PackLoader:240 - Cannot read IP mode file for STMicroelectronics.X-CUBE-NFC10.1.0.0
2025-07-30 10:42:58,453 [WARN] PackLoader:240 - Cannot read IP mode file for emotas.I-CUBE-CANOPEN.1.3.0
2025-07-30 10:42:58,507 [WARN] PackLoader:240 - Cannot read IP mode file for STMicroelectronics.FP-SNS-SMARTAG2.1.2.0
2025-07-30 10:42:58,554 [WARN] PackLoader:240 - Cannot read IP mode file for STMicroelectronics.FP-SNS-FLIGHT1.5.1.0
2025-07-30 10:42:58,613 [INFO] LogOutputStream:77 - [STDOUT_REDIRECT] 1 : Invalid condition id : UX_CORESTACK_Condition cause : null
2025-07-30 10:42:58,616 [INFO] LogOutputStream:77 - [STDOUT_REDIRECT] 1 : Invalid condition id : UX_CORESTACK_Condition cause : null
2025-07-30 10:42:58,619 [INFO] LogOutputStream:77 - [STDOUT_REDIRECT] 1 : Invalid condition id : UX_CORESTACK_Condition cause : null
2025-07-30 10:42:58,623 [INFO] LogOutputStream:77 - [STDOUT_REDIRECT] 1 : Invalid condition id : UX_CORESTACK_Condition cause : null
2025-07-30 10:42:58,627 [INFO] LogOutputStream:77 - [STDOUT_REDIRECT] 1 : Invalid condition id : UX_CORESTACK_Condition cause : null
2025-07-30 10:42:58,635 [WARN] PackLoader:240 - Cannot read IP mode file for STMicroelectronics.X-CUBE-AZRTOS-WL.2.0.0
2025-07-30 10:42:58,683 [WARN] PackLoader:240 - Cannot read IP mode file for STMicroelectronics.FP-SNS-MOTENV1.5.0.0
2025-07-30 10:42:58,729 [WARN] PackLoader:240 - Cannot read IP mode file for WES.I-CUBE-Cesium.1.3.0
2025-07-30 10:42:58,768 [WARN] PackLoader:240 - Cannot read IP mode file for STMicroelectronics.X-CUBE-BLE2.3.3.0
2025-07-30 10:42:58,813 [WARN] PackLoader:240 - Cannot read IP mode file for STMicroelectronics.X-CUBE-NFC9.1.0.0
2025-07-30 10:42:58,856 [WARN] PackLoader:240 - Cannot read IP mode file for STMicroelectronics.X-CUBE-BLE1.7.1.0
2025-07-30 10:42:58,902 [WARN] PackLoader:240 - Cannot read IP mode file for STMicroelectronics.X-CUBE-EEPRMA1.5.2.0
2025-07-30 10:42:58,945 [WARN] PackLoader:240 - Cannot read IP mode file for STMicroelectronics.X-CUBE-AI.10.1.0
2025-07-30 10:42:59,022 [INFO] WebApp:169 - Instantiating new browser for Auth
2025-07-30 10:42:59,025 [WARN] PackLoader:240 - Cannot read IP mode file for STMicroelectronics.X-CUBE-AZRTOS-G0.1.1.0
2025-07-30 10:42:59,135 [WARN] PackLoader:240 - Cannot read IP mode file for STMicroelectronics.X-CUBE-SAFEA1.1.2.2
2025-07-30 10:42:59,207 [WARN] PackLoader:240 - Cannot read IP mode file for STMicroelectronics.X-CUBE-NFC4.3.0.0
2025-07-30 10:42:59,279 [WARN] PackLoader:240 - Cannot read IP mode file for EmbeddedOffice.I-CUBE-FS-RTOS.1.0.1
2025-07-30 10:42:59,321 [WARN] PackLoader:240 - Cannot read IP mode file for STMicroelectronics.X-CUBE-WB05N.2.0.0
2025-07-30 10:42:59,363 [WARN] PackLoader:240 - Cannot read IP mode file for STMicroelectronics.X-CUBE-TCPP.4.2.0
2025-07-30 10:42:59,410 [WARN] PackLoader:240 - Cannot read IP mode file for RealThread.X-CUBE-RT-Thread_Nano.4.1.1
2025-07-30 10:42:59,447 [WARN] PackLoader:240 - Cannot read IP mode file for STMicroelectronics.FP-ATR-SIGFOX1.3.2.0
2025-07-30 10:42:59,482 [WARN] PackLoader:240 - Cannot read IP mode file for ITTIA_DB.I-CUBE-ITTIADB.8.9.0
2025-07-30 10:42:59,527 [WARN] PackLoader:240 - Cannot read IP mode file for STMicroelectronics.X-CUBE-ST67W61.1.0.0
2025-07-30 10:42:59,652 [WARN] PackLoader:240 - Cannot read IP mode file for SEGGER.I-CUBE-embOS.1.3.1
2025-07-30 10:42:59,833 [WARN] PackLoader:240 - Cannot read IP mode file for STMicroelectronics.X-CUBE-ALGOBUILD.1.4.0
2025-07-30 10:42:59,973 [WARN] PackLoader:240 - Cannot read IP mode file for STMicroelectronics.X-CUBE-MEMS1.11.3.0
2025-07-30 10:43:00,536 [WARN] PackLoader:240 - Cannot read IP mode file for STMicroelectronics.X-CUBE-PM33A1.1.0.0
2025-07-30 10:43:00,669 [WARN] PackLoader:240 - Cannot read IP mode file for STMicroelectronics.X-CUBE-AZRTOS-F4.1.1.0
2025-07-30 10:43:00,722 [WARN] PackLoader:240 - Cannot read IP mode file for STMicroelectronics.X-CUBE-ISPU.2.1.0
2025-07-30 10:43:00,777 [WARN] PackLoader:240 - Cannot read IP mode file for STMicroelectronics.X-CUBE-NFC12.1.0.0
2025-07-30 10:43:00,987 [WARN] PackLoader:240 - Cannot read IP mode file for STMicroelectronics.X-CUBE-AZRTOS-L5.2.0.0
2025-07-30 10:43:01,041 [WARN] PackLoader:240 - Cannot read IP mode file for STMicroelectronics.X-CUBE-NFC6.3.1.0
2025-07-30 10:43:01,099 [WARN] PackLoader:240 - Cannot read IP mode file for STMicroelectronics.X-CUBE-FREERTOS.1.3.1
2025-07-30 10:43:01,148 [WARN] PackLoader:240 - Cannot read IP mode file for STMicroelectronics.FP-SNS-STAIOTCFT.1.0.0
2025-07-30 10:43:01,192 [WARN] PackLoader:240 - Cannot read IP mode file for STMicroelectronics.X-CUBE-DPower.1.3.0
2025-07-30 10:43:01,222 [INFO] WebApp:463 - Apply proxy settings
2025-07-30 10:43:01,223 [INFO] WebApp:548 - Chromium requires no authentication
2025-07-30 10:43:01,247 [INFO] WebApp:491 - Direct internet connection detected
2025-07-30 10:43:01,290 [WARN] ConditionMgr:438 - getConditionDescription Invalid condition id : LAN8742 Phy interface Condition cause : null
2025-07-30 10:43:01,293 [WARN] PackLoader:240 - Cannot read IP mode file for STMicroelectronics.X-CUBE-AZRTOS-L4.2.0.0
2025-07-30 10:43:01,297 [WARN] ConditionMgr:1044 - genDependencies : Invalid condition id : LAN8742 Phy interface Condition cause : null
2025-07-30 10:43:01,297 [WARN] ConditionMgr:1044 - genDependencies : Invalid condition id : LAN8742 Phy interface Condition cause : null
2025-07-30 10:43:01,299 [WARN] ConditionMgr:1044 - genDependencies : Invalid condition id : LAN8742 Phy interface Condition cause : null
2025-07-30 10:43:01,322 [INFO] WebApp:900 - Register for checkConnection events
2025-07-30 10:43:01,322 [INFO] WebApp:463 - Apply proxy settings
2025-07-30 10:43:01,323 [INFO] WebApp:548 - Chromium requires no authentication
2025-07-30 10:43:01,324 [INFO] WebApp:491 - Direct internet connection detected
2025-07-30 10:43:01,350 [WARN] PackLoader:240 - Cannot read IP mode file for STMicroelectronics.X-CUBE-SFXS2LP1.4.0.0
2025-07-30 10:43:01,410 [WARN] PackLoader:240 - Cannot read IP mode file for STMicroelectronics.X-CUBE-BLEMGR.4.1.0
2025-07-30 10:43:01,555 [WARN] ConditionMgr:438 - getConditionDescription Invalid condition id : UX DEVICE CLASS RTOS Condition cause : null
2025-07-30 10:43:01,555 [WARN] ConditionMgr:438 - getConditionDescription Invalid condition id : UX DEVICE CLASS RTOS Condition cause : null
2025-07-30 10:43:01,566 [WARN] PackLoader:240 - Cannot read IP mode file for STMicroelectronics.X-CUBE-AZRTOS-WB.2.0.0
2025-07-30 10:43:01,577 [WARN] ConditionMgr:1044 - genDependencies : Invalid condition id : UX DEVICE CLASS RTOS Condition cause : null
2025-07-30 10:43:01,577 [WARN] ConditionMgr:1044 - genDependencies : Invalid condition id : UX DEVICE CLASS RTOS Condition cause : null
2025-07-30 10:43:01,578 [WARN] ConditionMgr:1044 - genDependencies : Invalid condition id : UX DEVICE CLASS RTOS Condition cause : null
2025-07-30 10:43:01,579 [WARN] ConditionMgr:1044 - genDependencies : Invalid condition id : UX DEVICE CLASS RTOS Condition cause : null
2025-07-30 10:43:01,579 [WARN] ConditionMgr:1044 - genDependencies : Invalid condition id : UX DEVICE CLASS RTOS Condition cause : null
2025-07-30 10:43:01,594 [INFO] WebApp:191 - Connection restablished
2025-07-30 10:43:01,681 [WARN] PackLoader:240 - Cannot read IP mode file for STMicroelectronics.X-CUBE-GNSS1.7.0.1
2025-07-30 10:43:01,739 [WARN] PackLoader:240 - Cannot read IP mode file for STMicroelectronics.X-CUBE-TOUCHGFX.4.25.0
2025-07-30 10:43:01,783 [WARN] PackLoader:240 - Cannot read IP mode file for STMicroelectronics.FP-SNS-STBOX1.2.0.0
2025-07-30 10:43:01,825 [WARN] ConditionMgr:438 - getConditionDescription Invalid condition id : Cortex-A Device cause : null
2025-07-30 10:43:01,957 [WARN] ConditionMgr:1044 - genDependencies : Invalid condition id : Cortex-A Device cause : null
2025-07-30 10:43:01,958 [WARN] ConditionMgr:1044 - genDependencies : Invalid condition id : Cortex-A Device cause : null
2025-07-30 10:43:01,958 [WARN] ConditionMgr:1044 - genDependencies : Invalid condition id : Cortex-A Device cause : null
2025-07-30 10:43:02,061 [WARN] PackLoader:240 - Cannot read IP mode file for STMicroelectronics.X-CUBE-SUBG2.5.0.0
2025-07-30 10:43:02,224 [WARN] PackLoader:240 - Cannot read IP mode file for STMicroelectronics.X-CUBE-AZRTOS-H7RS.1.1.0
2025-07-30 10:43:02,284 [WARN] PackLoader:240 - Cannot read IP mode file for Cesanta.I-CUBE-Mongoose.7.13.0
2025-07-30 10:43:02,360 [INFO] WebApp:225 - Starting web application
2025-07-30 10:43:02,365 [INFO] WebApp:593 - Web application path used C:\ST\STM32CubeIDE_1.19.0\STM32CubeIDE\plugins\com.st.stm32cube.common.mx_6.15.0.202507011659\db\plugins\mcufinder\reactClient1\index.html
2025-07-30 10:43:02,419 [WARN] PackLoader:240 - Cannot read IP mode file for STMicroelectronics.X-CUBE-AZRTOS-G4.2.0.0
2025-07-30 10:43:02,494 [WARN] PackLoader:240 - Cannot read IP mode file for STMicroelectronics.X-CUBE-NFC7.2.0.0
2025-07-30 10:43:02,612 [WARN] PackLoader:240 - Cannot read IP mode file for STMicroelectronics.X-CUBE-IPS.3.1.0
2025-07-30 10:43:02,730 [WARN] PackLoader:240 - Cannot read IP mode file for STMicroelectronics.X-CUBE-ALS.1.0.2
2025-07-30 10:43:02,775 [WARN] PackLoader:240 - Cannot read IP mode file for portGmbH.I-Cube-SoM-uGOAL.1.1.0
2025-07-30 10:43:02,829 [WARN] PackLoader:240 - Cannot read IP mode file for STMicroelectronics.X-CUBE-TOF1.3.4.3
2025-07-30 10:43:02,864 [INFO] ThirdParty:978 - Integrity check success = true
2025-07-30 10:43:02,864 [INFO] IntegrityCheckThread:100 - exiting critical section [integrity check]
2025-07-30 10:43:02,864 [INFO] IntegrityCheckThread:103 - End integrity checks thread
2025-07-30 10:43:02,962 [INFO] UserAuth:487 - Internet connection configuration mode: 1
2025-07-30 16:07:07,133 [ERROR] LogOutputStream:75 - [STDERR_REDIRECT] 
2025-07-30 16:07:07,138 [ERROR] LogOutputStream:75 - [STDERR_REDIRECT] 
